2024-03-31 11:40:19,670 [INFO] from play.api.db.DefaultDBApi in play-dev-mode-akka.actor.default-dispatcher-7 - Database [default] initialized at jdbc:mysql://localhost/play?autoReconnect=true&useSSL=false
2024-03-31 11:40:19,702 [INFO] from play.api.db.HikariCPConnectionPool in play-dev-mode-akka.actor.default-dispatcher-7 - Creating Pool for datasource 'default'
2024-03-31 11:40:24,887 [INFO] from play.api.http.EnabledFilters in play-dev-mode-akka.actor.default-dispatcher-7 - Enabled Filters (see <https://www.playframework.com/documentation/latest/Filters>):


2024-03-31 11:40:24,907 [INFO] from play.api.Play in play-dev-mode-akka.actor.default-dispatcher-7 - Application started (Dev) (no global state)
2024-03-31 11:45:12,972 [INFO] from play.api.db.HikariCPConnectionPool in application-akka.actor.internal-dispatcher-4 - Shutting down connection pool.
2024-03-31 11:45:21,733 [INFO] from play.api.db.DefaultDBApi in play-dev-mode-akka.actor.default-dispatcher-12 - Database [default] initialized at jdbc:mysql://localhost/play?autoReconnect=true&useSSL=false
2024-03-31 11:45:21,737 [INFO] from play.api.db.HikariCPConnectionPool in play-dev-mode-akka.actor.default-dispatcher-12 - Creating Pool for datasource 'default'
2024-03-31 11:45:22,759 [INFO] from play.api.http.EnabledFilters in play-dev-mode-akka.actor.default-dispatcher-12 - Enabled Filters (see <https://www.playframework.com/documentation/latest/Filters>):


2024-03-31 11:45:22,777 [INFO] from play.api.Play in play-dev-mode-akka.actor.default-dispatcher-12 - Application started (Dev) (no global state)
2024-03-31 11:57:27,290 [ERROR] from play.api.http.DefaultHttpErrorHandler in play-dev-mode-akka.actor.default-dispatcher-12 - 

! @853dl3h8e - Internal server error, for (GET) [/] ->
 
play.sbt.routes.RoutesCompilationException: Compilation error[Using different overloaded methods is not allowed. If you are using a single method in combination with default parameters, make sure you declare them all explicitly.]
	at play.sbt.routes.RoutesCompiler$.$anonfun$compileRoutes$4(RoutesCompiler.scala:180)
	at scala.collection.TraversableLike.$anonfun$map$1(TraversableLike.scala:233)
	at scala.collection.immutable.List.foreach(List.scala:388)
	at scala.collection.TraversableLike.map(TraversableLike.scala:233)
	at scala.collection.TraversableLike.map$(TraversableLike.scala:226)
	at scala.collection.immutable.List.map(List.scala:294)
	at play.sbt.routes.RoutesCompiler$.compileRoutes(RoutesCompiler.scala:178)
	at play.sbt.routes.RoutesCompiler$.$anonfun$compileRoutesFiles$1(RoutesCompiler.scala:148)
	at scala.Function1.$anonfun$compose$1(Function1.scala:44)
	at sbt.internal.util.$tilde$greater.$anonfun$$u2219$1(TypeFunctions.scala:40)
	at sbt.std.Transform$$anon$4.work(System.scala:67)
	at sbt.Execute.$anonfun$submit$2(Execute.scala:269)
	at sbt.internal.util.ErrorHandling$.wideConvert(ErrorHandling.scala:16)
	at sbt.Execute.work(Execute.scala:278)
	at sbt.Execute.$anonfun$submit$1(Execute.scala:269)
	at sbt.ConcurrentRestrictions$$anon$4.$anonfun$submitValid$1(ConcurrentRestrictions.scala:178)
	at sbt.CompletionService$$anon$2.call(CompletionService.scala:37)
	at java.base/java.util.concurrent.FutureTask.run(FutureTask.java:264)
	at java.base/java.util.concurrent.Executors$RunnableAdapter.call(Executors.java:515)
	at java.base/java.util.concurrent.FutureTask.run(FutureTask.java:264)
	at java.base/java.util.concurrent.ThreadPoolExecutor.runWorker(ThreadPoolExecutor.java:1128)
	at java.base/java.util.concurrent.ThreadPoolExecutor$Worker.run(ThreadPoolExecutor.java:628)
	at java.base/java.lang.Thread.run(Thread.java:834)
2024-03-31 11:58:05,564 [ERROR] from play.api.http.DefaultHttpErrorHandler in play-dev-mode-akka.actor.default-dispatcher-32 - 

! @853dl6g3a - Internal server error, for (GET) [/] ->
 
play.sbt.PlayExceptions$CompilationException: Compilation error[value getEmployee is not a member of controllers.UserController]
	at play.sbt.PlayExceptions$CompilationException$.apply(PlayExceptions.scala:34)
	at play.sbt.PlayExceptions$CompilationException$.apply(PlayExceptions.scala:34)
	at scala.Option.map(Option.scala:146)
	at play.sbt.run.PlayReload$.$anonfun$taskFailureHandler$1(PlayReload.scala:40)
	at scala.Option.map(Option.scala:146)
	at play.sbt.run.PlayReload$.taskFailureHandler(PlayReload.scala:35)
	at play.sbt.run.PlayReload$.compileFailure(PlayReload.scala:28)
	at play.sbt.run.PlayReload$.$anonfun$compile$3(PlayReload.scala:63)
	at scala.util.Either$LeftProjection.map(Either.scala:569)
	at play.sbt.run.PlayReload$.compile(PlayReload.scala:63)
	at play.sbt.run.PlayRun$.$anonfun$playRunTask$4(PlayRun.scala:78)
	at play.runsupport.Reloader.$anonfun$reload$1(Reloader.scala:496)
	at play.runsupport.Reloader$$anon$1.run(Reloader.scala:57)
	at java.base/java.security.AccessController.doPrivileged(Native Method)
	at play.runsupport.Reloader$.play$runsupport$Reloader$$withReloaderContextClassLoader(Reloader.scala:63)
	at play.runsupport.Reloader.reload(Reloader.scala:496)
	at play.core.server.DevServerStart$$anon$1.get(DevServerStart.scala:141)
	at play.core.server.AkkaHttpServer.handleRequest(AkkaHttpServer.scala:300)
	at play.core.server.AkkaHttpServer.$anonfun$createServerBinding$1(AkkaHttpServer.scala:190)
	at akka.stream.impl.fusing.MapAsync$$anon$30.onPush(Ops.scala:1289)
	at akka.stream.impl.fusing.GraphInterpreter.processPush(GraphInterpreter.scala:541)
	at akka.stream.impl.fusing.GraphInterpreter.execute(GraphInterpreter.scala:423)
	at akka.stream.impl.fusing.GraphInterpreterShell.runBatch(ActorGraphInterpreter.scala:624)
	at akka.stream.impl.fusing.GraphInterpreterShell$AsyncInput.execute(ActorGraphInterpreter.scala:501)
	at akka.stream.impl.fusing.GraphInterpreterShell.processEvent(ActorGraphInterpreter.scala:599)
	at akka.stream.impl.fusing.ActorGraphInterpreter.akka$stream$impl$fusing$ActorGraphInterpreter$$processEvent(ActorGraphInterpreter.scala:768)
	at akka.stream.impl.fusing.ActorGraphInterpreter$$anonfun$receive$1.applyOrElse(ActorGraphInterpreter.scala:783)
	at akka.actor.Actor.aroundReceive(Actor.scala:534)
	at akka.actor.Actor.aroundReceive$(Actor.scala:532)
	at akka.stream.impl.fusing.ActorGraphInterpreter.aroundReceive(ActorGraphInterpreter.scala:690)
	at akka.actor.ActorCell.receiveMessage(ActorCell.scala:573)
	at akka.actor.ActorCell.invoke(ActorCell.scala:543)
	at akka.dispatch.Mailbox.processMailbox(Mailbox.scala:269)
	at akka.dispatch.Mailbox.run(Mailbox.scala:230)
	at akka.dispatch.Mailbox.exec(Mailbox.scala:242)
	at java.base/java.util.concurrent.ForkJoinTask.doExec(ForkJoinTask.java:290)
	at java.base/java.util.concurrent.ForkJoinPool$WorkQueue.topLevelExec(ForkJoinPool.java:1020)
	at java.base/java.util.concurrent.ForkJoinPool.scan(ForkJoinPool.java:1656)
	at java.base/java.util.concurrent.ForkJoinPool.runWorker(ForkJoinPool.java:1594)
	at java.base/java.util.concurrent.ForkJoinWorkerThread.run(ForkJoinWorkerThread.java:177)
2024-03-31 11:59:17,970 [INFO] from play.api.db.HikariCPConnectionPool in application-akka.actor.internal-dispatcher-2 - Shutting down connection pool.
2024-03-31 11:59:19,959 [INFO] from play.api.db.DefaultDBApi in play-dev-mode-akka.actor.default-dispatcher-32 - Database [default] initialized at jdbc:mysql://localhost/play?autoReconnect=true&useSSL=false
2024-03-31 11:59:19,959 [INFO] from play.api.db.HikariCPConnectionPool in play-dev-mode-akka.actor.default-dispatcher-32 - Creating Pool for datasource 'default'
2024-03-31 11:59:21,002 [INFO] from play.api.http.EnabledFilters in play-dev-mode-akka.actor.default-dispatcher-32 - Enabled Filters (see <https://www.playframework.com/documentation/latest/Filters>):


2024-03-31 11:59:21,011 [INFO] from play.api.Play in play-dev-mode-akka.actor.default-dispatcher-32 - Application started (Dev) (no global state)
2024-03-31 12:22:14,487 [INFO] from play.api.db.HikariCPConnectionPool in application-akka.actor.internal-dispatcher-2 - Shutting down connection pool.
2024-03-31 12:22:16,735 [INFO] from play.api.db.DefaultDBApi in play-dev-mode-akka.actor.default-dispatcher-30 - Database [default] initialized at jdbc:mysql://localhost/play?autoReconnect=true&useSSL=false
2024-03-31 12:22:16,735 [INFO] from play.api.db.HikariCPConnectionPool in play-dev-mode-akka.actor.default-dispatcher-30 - Creating Pool for datasource 'default'
2024-03-31 12:22:17,995 [INFO] from play.api.http.EnabledFilters in play-dev-mode-akka.actor.default-dispatcher-30 - Enabled Filters (see <https://www.playframework.com/documentation/latest/Filters>):


2024-03-31 12:22:18,026 [INFO] from play.api.Play in play-dev-mode-akka.actor.default-dispatcher-30 - Application started (Dev) (no global state)
